<?xml version="1.0" encoding="UTF-8"?>
<!-- Generated by org.testng.reporters.JUnitXMLReporter -->
<testsuite ignored="0" hostname="LAPTOP-GLV165CP" failures="0" tests="8" name="Default test" time="20.608" errors="0" timestamp="2025-01-15T21:30:35 EET">
  <testcase classname="AlmosaferTest.MyTestCases" name="DefaultLanguageIsEnglish" time="0.062"/>
  <testcase classname="AlmosaferTest.MyTestCases" name="DefaultCurrencyIsSar" time="0.031"/>
  <testcase classname="AlmosaferTest.MyTestCases" name="ContactNumberIsCorrect" time="0.026"/>
  <testcase classname="AlmosaferTest.MyTestCases" name="QitafLogoIsDisplayed" time="0.06"/>
  <testcase classname="AlmosaferTest.MyTestCases" name="HotelTabIsNotSelected" time="0.02"/>
  <testcase classname="AlmosaferTest.MyTestCases" name="CheckDepartureDate" time="0.033"/>
  <testcase classname="AlmosaferTest.MyTestCases" name="CheckReturnDate" time="0.024"/>
  <testcase classname="AlmosaferTest.MyTestCases" name="RandomlyChangeWebsiteLanguage" time="17.419"/>
</testsuite> <!-- Default test -->
